[259 - Suricata-Main] 2024-11-04 02:56:41 Notice: suricata: This is Suricata version 7.0.7 RELEASE running in SYSTEM mode
[259 - Suricata-Main] 2024-11-04 02:56:41 Info: cpu: CPUs/cores online: 8
[259 - Suricata-Main] 2024-11-04 02:56:41 Info: suricata: Setting engine mode to IDS mode by default
[259 - Suricata-Main] 2024-11-04 02:56:41 Info: exception-policy: master exception-policy set to: auto
[259 - Suricata-Main] 2024-11-04 02:56:41 Info: ioctl: en0: MTU 1500
[259 - Suricata-Main] 2024-11-04 02:56:41 Info: conf: Running in live mode, activating unix socket
[259 - Suricata-Main] 2024-11-04 02:56:41 Info: logopenfile: fast output device (regular) initialized: fast.log
[259 - Suricata-Main] 2024-11-04 02:56:41 Info: logopenfile: eve-log output device (regular) initialized: eve.json
[259 - Suricata-Main] 2024-11-04 02:56:41 Info: logopenfile: stats output device (regular) initialized: stats.log
[259 - Suricata-Main] 2024-11-04 02:56:43 Info: detect: 2 rule files processed. 39926 rules successfully loaded, 0 rules failed, 0
[259 - Suricata-Main] 2024-11-04 02:56:43 Info: threshold-config: Threshold config parsed: 0 rule(s) found
[259 - Suricata-Main] 2024-11-04 02:56:43 Info: detect: 39929 signatures processed. 1240 are IP-only rules, 4125 are inspecting packet payload, 34353 inspect application layer, 108 are decoder event only
[259 - Suricata-Main] 2024-11-04 02:56:43 Warning: detect: rule 1000003: SYN-only to port(s) 22:22 w/o direction specified, disabling for toclient direction
[259 - Suricata-Main] 2024-11-04 02:56:48 Info: runmodes: Using 1 live device(s).
[3075 - RX#01-en0] 2024-11-04 02:56:48 Info: pcap: en0: running in 'auto' checksum mode. Detection of interface state will require 1000 packets
[3075 - RX#01-en0] 2024-11-04 02:56:48 Info: ioctl: en0: MTU 1500
[3075 - RX#01-en0] 2024-11-04 02:56:48 Info: pcap: en0: snaplen set to 1524
[259 - Suricata-Main] 2024-11-04 02:56:48 Info: unix-manager: unix socket '/opt/homebrew/var/run/suricata/suricata-command.socket'
[259 - Suricata-Main] 2024-11-04 02:56:48 Notice: threads: Threads created -> RX: 1 W: 8 FM: 1 FR: 1   Engine started.
[3075 - RX#01-en0] 2024-11-04 02:57:37 Info: checksum: No packets with invalid checksum, assuming checksum offloading is NOT used
[259 - Suricata-Main] 2024-11-04 03:00:31 Notice: suricata: Signal Received.  Stopping engine.
[259 - Suricata-Main] 2024-11-04 03:00:32 Info: suricata: time elapsed 223.872s
[3075 - RX#01-en0] 2024-11-04 03:00:33 Info: pcap: en0: packets 2710, bytes 1095697
[3075 - RX#01-en0] 2024-11-04 03:00:33 Info: pcap: en0: pcap total:2719 recv:2719 drop:0 (0.0%)
[259 - Suricata-Main] 2024-11-04 03:00:33 Info: counters: Alerts: 99
[259 - Suricata-Main] 2024-11-04 03:00:33 Notice: device: en0: packets: 2710, drops: 0 (0.00%), invalid chksum: 0
[259 - Suricata-Main] 2024-11-04 03:01:30 Notice: suricata: This is Suricata version 7.0.7 RELEASE running in SYSTEM mode
[259 - Suricata-Main] 2024-11-04 03:01:30 Info: cpu: CPUs/cores online: 8
[259 - Suricata-Main] 2024-11-04 03:01:30 Info: suricata: Setting engine mode to IDS mode by default
[259 - Suricata-Main] 2024-11-04 03:01:30 Info: exception-policy: master exception-policy set to: auto
[259 - Suricata-Main] 2024-11-04 03:01:30 Info: ioctl: en0: MTU 1500
[259 - Suricata-Main] 2024-11-04 03:01:30 Info: conf: Running in live mode, activating unix socket
[259 - Suricata-Main] 2024-11-04 03:01:30 Info: logopenfile: fast output device (regular) initialized: fast.log
[259 - Suricata-Main] 2024-11-04 03:01:30 Info: logopenfile: eve-log output device (regular) initialized: eve.json
[259 - Suricata-Main] 2024-11-04 03:01:30 Info: logopenfile: stats output device (regular) initialized: stats.log
[259 - Suricata-Main] 2024-11-04 03:01:31 Info: detect: 2 rule files processed. 39926 rules successfully loaded, 0 rules failed, 0
[259 - Suricata-Main] 2024-11-04 03:01:31 Info: threshold-config: Threshold config parsed: 0 rule(s) found
[259 - Suricata-Main] 2024-11-04 03:01:31 Info: detect: 39929 signatures processed. 1240 are IP-only rules, 4125 are inspecting packet payload, 34353 inspect application layer, 108 are decoder event only
[259 - Suricata-Main] 2024-11-04 03:01:32 Warning: detect: rule 1000003: SYN-only to port(s) 22:22 w/o direction specified, disabling for toclient direction
[259 - Suricata-Main] 2024-11-04 03:01:35 Info: runmodes: Using 1 live device(s).
[3587 - RX#01-en0] 2024-11-04 03:01:35 Info: pcap: en0: running in 'auto' checksum mode. Detection of interface state will require 1000 packets
[3587 - RX#01-en0] 2024-11-04 03:01:35 Info: ioctl: en0: MTU 1500
[3587 - RX#01-en0] 2024-11-04 03:01:35 Info: pcap: en0: snaplen set to 1524
[259 - Suricata-Main] 2024-11-04 03:01:35 Info: unix-manager: unix socket '/opt/homebrew/var/run/suricata/suricata-command.socket'
[259 - Suricata-Main] 2024-11-04 03:01:35 Notice: threads: Threads created -> RX: 1 W: 8 FM: 1 FR: 1   Engine started.
[259 - Suricata-Main] 2024-11-04 03:02:15 Notice: suricata: Signal Received.  Stopping engine.
[259 - Suricata-Main] 2024-11-04 03:02:15 Info: suricata: time elapsed 40.003s
[3587 - RX#01-en0] 2024-11-04 03:02:16 Info: pcap: en0: packets 755, bytes 215267
[3587 - RX#01-en0] 2024-11-04 03:02:16 Info: pcap: en0: pcap total:789 recv:789 drop:0 (0.0%)
[259 - Suricata-Main] 2024-11-04 03:02:16 Info: counters: Alerts: 31
[259 - Suricata-Main] 2024-11-04 03:02:16 Notice: device: en0: packets: 755, drops: 0 (0.00%), invalid chksum: 0
[259 - Suricata-Main] 2024-11-04 03:02:37 Notice: suricata: This is Suricata version 7.0.7 RELEASE running in SYSTEM mode
[259 - Suricata-Main] 2024-11-04 03:02:37 Info: cpu: CPUs/cores online: 8
[259 - Suricata-Main] 2024-11-04 03:02:37 Info: suricata: Setting engine mode to IDS mode by default
[259 - Suricata-Main] 2024-11-04 03:02:37 Info: exception-policy: master exception-policy set to: auto
[259 - Suricata-Main] 2024-11-04 03:02:37 Info: ioctl: en0: MTU 1500
[259 - Suricata-Main] 2024-11-04 03:02:37 Info: conf: Running in live mode, activating unix socket
[259 - Suricata-Main] 2024-11-04 03:02:37 Info: logopenfile: fast output device (regular) initialized: fast.log
[259 - Suricata-Main] 2024-11-04 03:02:37 Info: logopenfile: eve-log output device (regular) initialized: eve.json
[259 - Suricata-Main] 2024-11-04 03:02:37 Info: logopenfile: stats output device (regular) initialized: stats.log
[259 - Suricata-Main] 2024-11-04 03:02:38 Info: detect: 2 rule files processed. 39926 rules successfully loaded, 0 rules failed, 0
[259 - Suricata-Main] 2024-11-04 03:02:38 Info: threshold-config: Threshold config parsed: 0 rule(s) found
[259 - Suricata-Main] 2024-11-04 03:02:38 Info: detect: 39929 signatures processed. 1240 are IP-only rules, 4125 are inspecting packet payload, 34353 inspect application layer, 108 are decoder event only
[259 - Suricata-Main] 2024-11-04 03:02:38 Warning: detect: rule 1000003: SYN-only to port(s) 22:22 w/o direction specified, disabling for toclient direction
[259 - Suricata-Main] 2024-11-04 03:02:43 Info: runmodes: Using 1 live device(s).
[3331 - RX#01-en0] 2024-11-04 03:02:43 Info: pcap: en0: running in 'auto' checksum mode. Detection of interface state will require 1000 packets
[3331 - RX#01-en0] 2024-11-04 03:02:43 Info: ioctl: en0: MTU 1500
[3331 - RX#01-en0] 2024-11-04 03:02:43 Info: pcap: en0: snaplen set to 1524
[259 - Suricata-Main] 2024-11-04 03:02:43 Info: unix-manager: unix socket '/opt/homebrew/var/run/suricata/suricata-command.socket'
[259 - Suricata-Main] 2024-11-04 03:02:43 Notice: threads: Threads created -> RX: 1 W: 8 FM: 1 FR: 1   Engine started.
[3331 - RX#01-en0] 2024-11-04 03:03:05 Info: checksum: No packets with invalid checksum, assuming checksum offloading is NOT used
[259 - Suricata-Main] 2024-11-04 03:03:37 Notice: suricata: Signal Received.  Stopping engine.
[259 - Suricata-Main] 2024-11-04 03:03:38 Info: suricata: time elapsed 55.020s
[3331 - RX#01-en0] 2024-11-04 03:03:39 Info: pcap: en0: packets 1392, bytes 723014
[3331 - RX#01-en0] 2024-11-04 03:03:39 Info: pcap: en0: pcap total:1396 recv:1396 drop:0 (0.0%)
[259 - Suricata-Main] 2024-11-04 03:03:39 Info: counters: Alerts: 98
[259 - Suricata-Main] 2024-11-04 03:03:39 Notice: device: en0: packets: 1392, drops: 0 (0.00%), invalid chksum: 0
